{"/Users/guilhermeferraribrescia/orch-os/electron/services/DependencyInstaller.ts": {"path":"/Users/guilhermeferraribrescia/orch-os/electron/services/DependencyInstaller.ts","statementMap":{"0":{"start":{"line":8,"column":0},"end":{"line":8,"column":39}},"1":{"start":{"line":18,"column":0},"end":{"line":18,"column":9}},"2":{"start":{"line":18,"column":9},"end":{"line":18,"column":39}}},"fnMap":{"0":{"name":"(anonymous_4)","decl":{"start":{"line":18,"column":9},"end":{"line":18,"column":28}},"loc":{"start":{"line":18,"column":9},"end":{"line":18,"column":39}}}},"branchMap":{},"s":{"0":1,"1":1,"2":1},"f":{"0":0},"b":{}}
,"/Users/guilhermeferraribrescia/orch-os/electron/services/dependency-installer/DependencyInstaller.ts": {"path":"/Users/guilhermeferraribrescia/orch-os/electron/services/dependency-installer/DependencyInstaller.ts","statementMap":{"0":{"start":{"line":4,"column":0},"end":{"line":4,"column":38}},"1":{"start":{"line":5,"column":0},"end":{"line":5,"column":30}},"2":{"start":{"line":13,"column":0},"end":{"line":13,"column":61}},"3":{"start":{"line":14,"column":0},"end":{"line":14,"column":63}},"4":{"start":{"line":15,"column":0},"end":{"line":15,"column":63}},"5":{"start":{"line":16,"column":0},"end":{"line":16,"column":63}},"6":{"start":{"line":17,"column":0},"end":{"line":17,"column":81}},"7":{"start":{"line":38,"column":4},"end":{"line":38,"column":12}},"8":{"start":{"line":39,"column":4},"end":{"line":39,"column":31}},"9":{"start":{"line":40,"column":4},"end":{"line":40,"column":49}},"10":{"start":{"line":41,"column":4},"end":{"line":41,"column":51}},"11":{"start":{"line":44,"column":4},"end":{"line":46,"column":7}},"12":{"start":{"line":45,"column":6},"end":{"line":45,"column":38}},"13":{"start":{"line":49,"column":29},"end":{"line":51,"column":null}},"14":{"start":{"line":54,"column":4},"end":{"line":54,"column":55}},"15":{"start":{"line":55,"column":4},"end":{"line":60,"column":6}},"16":{"start":{"line":58,"column":8},"end":{"line":58,"column":41}},"17":{"start":{"line":61,"column":4},"end":{"line":66,"column":6}},"18":{"start":{"line":64,"column":8},"end":{"line":64,"column":41}},"19":{"start":{"line":73,"column":29},"end":{"line":76,"column":6}},"20":{"start":{"line":78,"column":4},"end":{"line":78,"column":30}},"21":{"start":{"line":85,"column":23},"end":{"line":85,"column":50}},"22":{"start":{"line":86,"column":4},"end":{"line":88,"column":5}},"23":{"start":{"line":87,"column":6},"end":{"line":87,"column":53}},"24":{"start":{"line":89,"column":4},"end":{"line":89,"column":30}},"25":{"start":{"line":96,"column":4},"end":{"line":96,"column":43}},"26":{"start":{"line":103,"column":4},"end":{"line":103,"column":43}},"27":{"start":{"line":110,"column":16},"end":{"line":110,"column":49}},"28":{"start":{"line":111,"column":4},"end":{"line":113,"column":5}},"29":{"start":{"line":112,"column":6},"end":{"line":112,"column":34}},"30":{"start":{"line":114,"column":4},"end":{"line":114,"column":52}},"31":{"start":{"line":121,"column":19},"end":{"line":121,"column":50}},"32":{"start":{"line":122,"column":4},"end":{"line":124,"column":5}},"33":{"start":{"line":123,"column":6},"end":{"line":123,"column":19}},"34":{"start":{"line":125,"column":4},"end":{"line":125,"column":26}},"35":{"start":{"line":132,"column":4},"end":{"line":132,"column":34}},"36":{"start":{"line":139,"column":23},"end":{"line":139,"column":50}},"37":{"start":{"line":140,"column":4},"end":{"line":142,"column":5}},"38":{"start":{"line":141,"column":6},"end":{"line":141,"column":53}},"39":{"start":{"line":144,"column":4},"end":{"line":146,"column":5}},"40":{"start":{"line":145,"column":6},"end":{"line":145,"column":63}},"41":{"start":{"line":148,"column":4},"end":{"line":151,"column":6}},"42":{"start":{"line":153,"column":4},"end":{"line":188,"column":5}},"43":{"start":{"line":155,"column":21},"end":{"line":155,"column":45}},"44":{"start":{"line":156,"column":6},"end":{"line":162,"column":7}},"45":{"start":{"line":157,"column":8},"end":{"line":160,"column":10}},"46":{"start":{"line":161,"column":8},"end":{"line":161,"column":15}},"47":{"start":{"line":165,"column":6},"end":{"line":165,"column":68}},"48":{"start":{"line":168,"column":27},"end":{"line":168,"column":51}},"49":{"start":{"line":169,"column":6},"end":{"line":173,"column":7}},"50":{"start":{"line":170,"column":8},"end":{"line":172,"column":10}},"51":{"start":{"line":175,"column":6},"end":{"line":178,"column":8}},"52":{"start":{"line":181,"column":8},"end":{"line":181,"column":62}},"53":{"start":{"line":182,"column":6},"end":{"line":186,"column":8}},"54":{"start":{"line":187,"column":6},"end":{"line":187,"column":18}},"55":{"start":{"line":197,"column":4},"end":{"line":197,"column":28}},"56":{"start":{"line":204,"column":4},"end":{"line":204,"column":43}},"57":{"start":{"line":31,"column":0},"end":{"line":31,"column":13}}},"fnMap":{"0":{"name":"(anonymous_0)","decl":{"start":{"line":37,"column":2},"end":{"line":37,"column":null}},"loc":{"start":{"line":37,"column":2},"end":{"line":67,"column":3}}},"1":{"name":"(anonymous_1)","decl":{"start":{"line":44,"column":37},"end":{"line":44,"column":38}},"loc":{"start":{"line":44,"column":50},"end":{"line":46,"column":5}}},"2":{"name":"(anonymous_2)","decl":{"start":{"line":57,"column":49},"end":{"line":57,"column":50}},"loc":{"start":{"line":58,"column":8},"end":{"line":58,"column":41}}},"3":{"name":"(anonymous_3)","decl":{"start":{"line":63,"column":49},"end":{"line":63,"column":50}},"loc":{"start":{"line":64,"column":8},"end":{"line":64,"column":41}}},"4":{"name":"(anonymous_4)","decl":{"start":{"line":72,"column":2},"end":{"line":72,"column":7}},"loc":{"start":{"line":72,"column":25},"end":{"line":79,"column":3}}},"5":{"name":"(anonymous_5)","decl":{"start":{"line":84,"column":2},"end":{"line":84,"column":7}},"loc":{"start":{"line":84,"column":36},"end":{"line":90,"column":3}}},"6":{"name":"(anonymous_6)","decl":{"start":{"line":95,"column":2},"end":{"line":95,"column":7}},"loc":{"start":{"line":95,"column":21},"end":{"line":97,"column":3}}},"7":{"name":"(anonymous_7)","decl":{"start":{"line":102,"column":2},"end":{"line":102,"column":7}},"loc":{"start":{"line":102,"column":21},"end":{"line":104,"column":3}}},"8":{"name":"(anonymous_8)","decl":{"start":{"line":109,"column":2},"end":{"line":109,"column":23}},"loc":{"start":{"line":109,"column":55},"end":{"line":115,"column":3}}},"9":{"name":"(anonymous_9)","decl":{"start":{"line":120,"column":2},"end":{"line":120,"column":7}},"loc":{"start":{"line":120,"column":28},"end":{"line":126,"column":3}}},"10":{"name":"(anonymous_10)","decl":{"start":{"line":131,"column":2},"end":{"line":131,"column":12}},"loc":{"start":{"line":131,"column":58},"end":{"line":133,"column":3}}},"11":{"name":"(anonymous_11)","decl":{"start":{"line":138,"column":10},"end":{"line":138,"column":15}},"loc":{"start":{"line":138,"column":46},"end":{"line":189,"column":3}}},"12":{"name":"(anonymous_12)","decl":{"start":{"line":194,"column":10},"end":{"line":194,"column":33}},"loc":{"start":{"line":195,"column":20},"end":{"line":198,"column":3}}},"13":{"name":"(anonymous_13)","decl":{"start":{"line":203,"column":10},"end":{"line":203,"column":29}},"loc":{"start":{"line":203,"column":46},"end":{"line":205,"column":3}}}},"branchMap":{"0":{"loc":{"start":{"line":86,"column":4},"end":{"line":88,"column":5}},"type":"if","locations":[{"start":{"line":86,"column":4},"end":{"line":88,"column":5}}]},"1":{"loc":{"start":{"line":111,"column":4},"end":{"line":113,"column":5}},"type":"if","locations":[{"start":{"line":111,"column":4},"end":{"line":113,"column":5}}]},"2":{"loc":{"start":{"line":122,"column":4},"end":{"line":124,"column":5}},"type":"if","locations":[{"start":{"line":122,"column":4},"end":{"line":124,"column":5}}]},"3":{"loc":{"start":{"line":122,"column":8},"end":{"line":122,"column":52}},"type":"binary-expr","locations":[{"start":{"line":122,"column":8},"end":{"line":122,"column":15}},{"start":{"line":122,"column":19},"end":{"line":122,"column":52}}]},"4":{"loc":{"start":{"line":140,"column":4},"end":{"line":142,"column":5}},"type":"if","locations":[{"start":{"line":140,"column":4},"end":{"line":142,"column":5}}]},"5":{"loc":{"start":{"line":144,"column":4},"end":{"line":146,"column":5}},"type":"if","locations":[{"start":{"line":144,"column":4},"end":{"line":146,"column":5}}]},"6":{"loc":{"start":{"line":156,"column":6},"end":{"line":162,"column":7}},"type":"if","locations":[{"start":{"line":156,"column":6},"end":{"line":162,"column":7}}]},"7":{"loc":{"start":{"line":169,"column":6},"end":{"line":173,"column":7}},"type":"if","locations":[{"start":{"line":169,"column":6},"end":{"line":173,"column":7}}]},"8":{"loc":{"start":{"line":181,"column":8},"end":{"line":181,"column":62}},"type":"cond-expr","locations":[{"start":{"line":181,"column":33},"end":{"line":181,"column":46}},{"start":{"line":181,"column":49},"end":{"line":181,"column":62}}]},"9":{"loc":{"start":{"line":204,"column":11},"end":{"line":204,"column":42}},"type":"binary-expr","locations":[{"start":{"line":204,"column":11},"end":{"line":204,"column":25}},{"start":{"line":204,"column":29},"end":{"line":204,"column":42}}]}},"s":{"0":1,"1":1,"2":1,"3":1,"4":1,"5":1,"6":1,"7":4,"8":4,"9":4,"10":4,"11":4,"12":0,"13":4,"14":4,"15":4,"16":1,"17":4,"18":1,"19":1,"20":1,"21":2,"22":2,"23":0,"24":2,"25":0,"26":0,"27":2,"28":2,"29":0,"30":2,"31":0,"32":0,"33":0,"34":0,"35":0,"36":0,"37":0,"38":0,"39":0,"40":0,"41":0,"42":0,"43":0,"44":0,"45":0,"46":0,"47":0,"48":0,"49":0,"50":0,"51":0,"52":0,"53":0,"54":0,"55":0,"56":0,"57":1},"f":{"0":4,"1":0,"2":1,"3":1,"4":1,"5":2,"6":0,"7":0,"8":2,"9":0,"10":0,"11":0,"12":0,"13":0},"b":{"0":[0],"1":[0],"2":[0],"3":[0,0],"4":[0],"5":[0],"6":[0],"7":[0],"8":[0,0],"9":[0,0]}}
,"/Users/guilhermeferraribrescia/orch-os/electron/services/dependency-installer/index.ts": {"path":"/Users/guilhermeferraribrescia/orch-os/electron/services/dependency-installer/index.ts","statementMap":{"0":{"start":{"line":5,"column":0},"end":{"line":5,"column":9}},"1":{"start":{"line":5,"column":9},"end":{"line":5,"column":60}},"2":{"start":{"line":16,"column":0},"end":{"line":16,"column":9}},"3":{"start":{"line":16,"column":9},"end":{"line":16,"column":39}}},"fnMap":{"0":{"name":"(anonymous_0)","decl":{"start":{"line":5,"column":9},"end":{"line":5,"column":28}},"loc":{"start":{"line":5,"column":9},"end":{"line":5,"column":60}}},"1":{"name":"(anonymous_1)","decl":{"start":{"line":16,"column":9},"end":{"line":16,"column":28}},"loc":{"start":{"line":16,"column":9},"end":{"line":16,"column":39}}}},"branchMap":{},"s":{"0":1,"1":5,"2":1,"3":1},"f":{"0":4,"1":0},"b":{}}
,"/Users/guilhermeferraribrescia/orch-os/electron/services/dependency-installer/services/CommandExecutor.ts": {"path":"/Users/guilhermeferraribrescia/orch-os/electron/services/dependency-installer/services/CommandExecutor.ts","statementMap":{"0":{"start":{"line":4,"column":0},"end":{"line":4,"column":44}},"1":{"start":{"line":5,"column":0},"end":{"line":5,"column":30}},"2":{"start":{"line":6,"column":0},"end":{"line":6,"column":33}},"3":{"start":{"line":9,"column":18},"end":{"line":9,"column":33}},"4":{"start":{"line":19,"column":4},"end":{"line":19,"column":31}},"5":{"start":{"line":26,"column":4},"end":{"line":31,"column":5}},"6":{"start":{"line":27,"column":21},"end":{"line":27,"column":45}},"7":{"start":{"line":28,"column":6},"end":{"line":28,"column":74}},"8":{"start":{"line":30,"column":6},"end":{"line":30,"column":70}},"9":{"start":{"line":41,"column":4},"end":{"line":80,"column":7}},"10":{"start":{"line":42,"column":27},"end":{"line":42,"column":49}},"11":{"start":{"line":43,"column":20},"end":{"line":47,"column":8}},"12":{"start":{"line":49,"column":19},"end":{"line":49,"column":21}},"13":{"start":{"line":50,"column":19},"end":{"line":50,"column":21}},"14":{"start":{"line":52,"column":6},"end":{"line":57,"column":9}},"15":{"start":{"line":53,"column":23},"end":{"line":53,"column":38}},"16":{"start":{"line":54,"column":8},"end":{"line":54,"column":25}},"17":{"start":{"line":55,"column":8},"end":{"line":55,"column":25}},"18":{"start":{"line":56,"column":8},"end":{"line":56,"column":51}},"19":{"start":{"line":59,"column":6},"end":{"line":63,"column":9}},"20":{"start":{"line":60,"column":23},"end":{"line":60,"column":38}},"21":{"start":{"line":61,"column":8},"end":{"line":61,"column":25}},"22":{"start":{"line":62,"column":8},"end":{"line":62,"column":53}},"23":{"start":{"line":65,"column":6},"end":{"line":75,"column":9}},"24":{"start":{"line":66,"column":8},"end":{"line":74,"column":9}},"25":{"start":{"line":67,"column":10},"end":{"line":67,"column":20}},"26":{"start":{"line":69,"column":10},"end":{"line":73,"column":12}},"27":{"start":{"line":77,"column":6},"end":{"line":79,"column":9}},"28":{"start":{"line":78,"column":8},"end":{"line":78,"column":22}},"29":{"start":{"line":87,"column":4},"end":{"line":93,"column":5}},"30":{"start":{"line":88,"column":23},"end":{"line":88,"column":68}},"31":{"start":{"line":89,"column":6},"end":{"line":89,"column":51}},"32":{"start":{"line":90,"column":6},"end":{"line":90,"column":18}},"33":{"start":{"line":92,"column":6},"end":{"line":92,"column":19}},"34":{"start":{"line":100,"column":4},"end":{"line":102,"column":5}},"35":{"start":{"line":101,"column":6},"end":{"line":101,"column":41}},"36":{"start":{"line":103,"column":4},"end":{"line":103,"column":14}},"37":{"start":{"line":15,"column":0},"end":{"line":15,"column":13}}},"fnMap":{"0":{"name":"(anonymous_0)","decl":{"start":{"line":18,"column":2},"end":{"line":18,"column":null}},"loc":{"start":{"line":18,"column":2},"end":{"line":20,"column":3}}},"1":{"name":"(anonymous_1)","decl":{"start":{"line":25,"column":2},"end":{"line":25,"column":7}},"loc":{"start":{"line":25,"column":31},"end":{"line":32,"column":3}}},"2":{"name":"(anonymous_2)","decl":{"start":{"line":37,"column":2},"end":{"line":37,"column":21}},"loc":{"start":{"line":39,"column":35},"end":{"line":81,"column":3}}},"3":{"name":"(anonymous_3)","decl":{"start":{"line":41,"column":23},"end":{"line":41,"column":24}},"loc":{"start":{"line":41,"column":43},"end":{"line":80,"column":5}}},"4":{"name":"(anonymous_4)","decl":{"start":{"line":52,"column":30},"end":{"line":52,"column":31}},"loc":{"start":{"line":52,"column":39},"end":{"line":57,"column":7}}},"5":{"name":"(anonymous_5)","decl":{"start":{"line":59,"column":30},"end":{"line":59,"column":31}},"loc":{"start":{"line":59,"column":39},"end":{"line":63,"column":7}}},"6":{"name":"(anonymous_6)","decl":{"start":{"line":65,"column":24},"end":{"line":65,"column":25}},"loc":{"start":{"line":65,"column":33},"end":{"line":75,"column":7}}},"7":{"name":"(anonymous_7)","decl":{"start":{"line":77,"column":24},"end":{"line":77,"column":25}},"loc":{"start":{"line":77,"column":34},"end":{"line":79,"column":7}}},"8":{"name":"(anonymous_8)","decl":{"start":{"line":86,"column":2},"end":{"line":86,"column":7}},"loc":{"start":{"line":86,"column":36},"end":{"line":94,"column":3}}},"9":{"name":"(anonymous_9)","decl":{"start":{"line":99,"column":10},"end":{"line":99,"column":25}},"loc":{"start":{"line":99,"column":25},"end":{"line":104,"column":3}}}},"branchMap":{"0":{"loc":{"start":{"line":28,"column":23},"end":{"line":28,"column":42}},"type":"binary-expr","locations":[{"start":{"line":28,"column":23},"end":{"line":28,"column":36}},{"start":{"line":28,"column":40},"end":{"line":28,"column":42}}]},"1":{"loc":{"start":{"line":28,"column":52},"end":{"line":28,"column":71}},"type":"binary-expr","locations":[{"start":{"line":28,"column":52},"end":{"line":28,"column":65}},{"start":{"line":28,"column":69},"end":{"line":28,"column":71}}]},"2":{"loc":{"start":{"line":66,"column":8},"end":{"line":74,"column":9}},"type":"if","locations":[{"start":{"line":66,"column":8},"end":{"line":74,"column":9}},{"start":{"line":68,"column":15},"end":{"line":74,"column":9}}]},"3":{"loc":{"start":{"line":88,"column":23},"end":{"line":88,"column":68}},"type":"cond-expr","locations":[{"start":{"line":88,"column":51},"end":{"line":88,"column":58}},{"start":{"line":88,"column":61},"end":{"line":88,"column":68}}]},"4":{"loc":{"start":{"line":100,"column":4},"end":{"line":102,"column":5}},"type":"if","locations":[{"start":{"line":100,"column":4},"end":{"line":102,"column":5}}]}},"s":{"0":1,"1":1,"2":1,"3":1,"4":4,"5":4,"6":4,"7":3,"8":1,"9":0,"10":0,"11":0,"12":0,"13":0,"14":0,"15":0,"16":0,"17":0,"18":0,"19":0,"20":0,"21":0,"22":0,"23":0,"24":0,"25":0,"26":0,"27":0,"28":0,"29":0,"30":0,"31":0,"32":0,"33":0,"34":0,"35":0,"36":0,"37":1},"f":{"0":4,"1":4,"2":0,"3":0,"4":0,"5":0,"6":0,"7":0,"8":0,"9":0},"b":{"0":[3,0],"1":[3,3],"2":[0,0],"3":[0,0],"4":[0]}}
,"/Users/guilhermeferraribrescia/orch-os/electron/services/dependency-installer/services/DockerDependency.ts": {"path":"/Users/guilhermeferraribrescia/orch-os/electron/services/dependency-installer/services/DockerDependency.ts","statementMap":{"0":{"start":{"line":19,"column":18},"end":{"line":19,"column":26}},"1":{"start":{"line":20,"column":25},"end":{"line":20,"column":33}},"2":{"start":{"line":23,"column":21},"end":{"line":23,"column":54}},"3":{"start":{"line":24,"column":21},"end":{"line":24,"column":null}},"4":{"start":{"line":33,"column":4},"end":{"line":54,"column":5}},"5":{"start":{"line":34,"column":25},"end":{"line":34,"column":79}},"6":{"start":{"line":35,"column":27},"end":{"line":35,"column":66}},"7":{"start":{"line":36,"column":22},"end":{"line":36,"column":64}},"8":{"start":{"line":39,"column":20},"end":{"line":39,"column":25}},"9":{"start":{"line":40,"column":6},"end":{"line":45,"column":7}},"10":{"start":{"line":41,"column":8},"end":{"line":41,"column":56}},"11":{"start":{"line":42,"column":8},"end":{"line":42,"column":23}},"12":{"start":{"line":44,"column":8},"end":{"line":44,"column":68}},"13":{"start":{"line":47,"column":6},"end":{"line":51,"column":8}},"14":{"start":{"line":53,"column":6},"end":{"line":53,"column":34}},"15":{"start":{"line":64,"column":22},"end":{"line":64,"column":53}},"16":{"start":{"line":65,"column":4},"end":{"line":65,"column":39}},"17":{"start":{"line":72,"column":22},"end":{"line":72,"column":53}},"18":{"start":{"line":73,"column":4},"end":{"line":73,"column":54}},"19":{"start":{"line":80,"column":21},"end":{"line":80,"column":37}},"20":{"start":{"line":82,"column":4},"end":{"line":103,"column":5}},"21":{"start":{"line":83,"column":6},"end":{"line":95,"column":7}},"22":{"start":{"line":85,"column":10},"end":{"line":85,"column":40}},"23":{"start":{"line":86,"column":10},"end":{"line":86,"column":16}},"24":{"start":{"line":88,"column":10},"end":{"line":88,"column":42}},"25":{"start":{"line":89,"column":10},"end":{"line":89,"column":16}},"26":{"start":{"line":91,"column":10},"end":{"line":91,"column":40}},"27":{"start":{"line":92,"column":10},"end":{"line":92,"column":16}},"28":{"start":{"line":94,"column":10},"end":{"line":94,"column":23}},"29":{"start":{"line":98,"column":6},"end":{"line":98,"column":33}},"30":{"start":{"line":99,"column":6},"end":{"line":99,"column":18}},"31":{"start":{"line":101,"column":6},"end":{"line":101,"column":73}},"32":{"start":{"line":102,"column":6},"end":{"line":102,"column":19}},"33":{"start":{"line":110,"column":4},"end":{"line":118,"column":5}},"34":{"start":{"line":111,"column":6},"end":{"line":113,"column":7}},"35":{"start":{"line":112,"column":8},"end":{"line":112,"column":73}},"36":{"start":{"line":115,"column":6},"end":{"line":115,"column":18}},"37":{"start":{"line":117,"column":6},"end":{"line":117,"column":19}},"38":{"start":{"line":122,"column":4},"end":{"line":122,"column":74}},"39":{"start":{"line":123,"column":4},"end":{"line":123,"column":57}},"40":{"start":{"line":127,"column":4},"end":{"line":127,"column":76}},"41":{"start":{"line":128,"column":4},"end":{"line":135,"column":5}},"42":{"start":{"line":129,"column":6},"end":{"line":131,"column":8}},"43":{"start":{"line":134,"column":6},"end":{"line":134,"column":57}},"44":{"start":{"line":139,"column":4},"end":{"line":139,"column":74}},"45":{"start":{"line":140,"column":4},"end":{"line":145,"column":5}},"46":{"start":{"line":141,"column":6},"end":{"line":141,"column":72}},"47":{"start":{"line":144,"column":6},"end":{"line":144,"column":70}},"48":{"start":{"line":149,"column":4},"end":{"line":158,"column":5}},"49":{"start":{"line":149,"column":17},"end":{"line":149,"column":18}},"50":{"start":{"line":150,"column":6},"end":{"line":157,"column":7}},"51":{"start":{"line":151,"column":8},"end":{"line":151,"column":56}},"52":{"start":{"line":152,"column":8},"end":{"line":152,"column":15}},"53":{"start":{"line":154,"column":8},"end":{"line":156,"column":9}},"54":{"start":{"line":155,"column":10},"end":{"line":155,"column":71}},"55":{"start":{"line":155,"column":41},"end":{"line":155,"column":69}},"56":{"start":{"line":159,"column":4},"end":{"line":159,"column":61}},"57":{"start":{"line":16,"column":0},"end":{"line":16,"column":13}}},"fnMap":{"0":{"name":"(anonymous_0)","decl":{"start":{"line":22,"column":2},"end":{"line":22,"column":null}},"loc":{"start":{"line":26,"column":27},"end":{"line":27,"column":6}}},"1":{"name":"(anonymous_1)","decl":{"start":{"line":32,"column":2},"end":{"line":32,"column":7}},"loc":{"start":{"line":32,"column":13},"end":{"line":55,"column":3}}},"2":{"name":"(anonymous_2)","decl":{"start":{"line":60,"column":2},"end":{"line":60,"column":7}},"loc":{"start":{"line":62,"column":29},"end":{"line":66,"column":3}}},"3":{"name":"(anonymous_3)","decl":{"start":{"line":71,"column":2},"end":{"line":71,"column":23}},"loc":{"start":{"line":71,"column":49},"end":{"line":74,"column":3}}},"4":{"name":"(anonymous_4)","decl":{"start":{"line":79,"column":2},"end":{"line":79,"column":7}},"loc":{"start":{"line":79,"column":13},"end":{"line":104,"column":3}}},"5":{"name":"(anonymous_5)","decl":{"start":{"line":109,"column":2},"end":{"line":109,"column":7}},"loc":{"start":{"line":109,"column":12},"end":{"line":119,"column":3}}},"6":{"name":"(anonymous_6)","decl":{"start":{"line":121,"column":10},"end":{"line":121,"column":15}},"loc":{"start":{"line":121,"column":32},"end":{"line":124,"column":3}}},"7":{"name":"(anonymous_7)","decl":{"start":{"line":126,"column":10},"end":{"line":126,"column":15}},"loc":{"start":{"line":126,"column":34},"end":{"line":136,"column":3}}},"8":{"name":"(anonymous_8)","decl":{"start":{"line":138,"column":10},"end":{"line":138,"column":15}},"loc":{"start":{"line":138,"column":32},"end":{"line":146,"column":3}}},"9":{"name":"(anonymous_9)","decl":{"start":{"line":148,"column":10},"end":{"line":148,"column":15}},"loc":{"start":{"line":148,"column":62},"end":{"line":160,"column":3}}},"10":{"name":"(anonymous_10)","decl":{"start":{"line":155,"column":28},"end":{"line":155,"column":29}},"loc":{"start":{"line":155,"column":41},"end":{"line":155,"column":69}}}},"branchMap":{"0":{"loc":{"start":{"line":36,"column":22},"end":{"line":36,"column":64}},"type":"cond-expr","locations":[{"start":{"line":36,"column":37},"end":{"line":36,"column":52}},{"start":{"line":36,"column":55},"end":{"line":36,"column":64}}]},"1":{"loc":{"start":{"line":83,"column":6},"end":{"line":95,"column":7}},"type":"switch","locations":[{"start":{"line":84,"column":8},"end":{"line":86,"column":16}},{"start":{"line":87,"column":8},"end":{"line":89,"column":16}},{"start":{"line":90,"column":8},"end":{"line":92,"column":16}},{"start":{"line":93,"column":8},"end":{"line":94,"column":23}}]},"2":{"loc":{"start":{"line":111,"column":6},"end":{"line":113,"column":7}},"type":"if","locations":[{"start":{"line":111,"column":6},"end":{"line":113,"column":7}}]},"3":{"loc":{"start":{"line":148,"column":30},"end":{"line":148,"column":46}},"type":"default-arg","locations":[{"start":{"line":148,"column":44},"end":{"line":148,"column":46}}]},"4":{"loc":{"start":{"line":148,"column":48},"end":{"line":148,"column":62}},"type":"default-arg","locations":[{"start":{"line":148,"column":58},"end":{"line":148,"column":62}}]},"5":{"loc":{"start":{"line":154,"column":8},"end":{"line":156,"column":9}},"type":"if","locations":[{"start":{"line":154,"column":8},"end":{"line":156,"column":9}}]}},"s":{"0":4,"1":4,"2":4,"3":4,"4":1,"5":1,"6":1,"7":1,"8":1,"9":1,"10":1,"11":0,"12":1,"13":1,"14":0,"15":0,"16":0,"17":1,"18":1,"19":0,"20":0,"21":0,"22":0,"23":0,"24":0,"25":0,"26":0,"27":0,"28":0,"29":0,"30":0,"31":0,"32":0,"33":0,"34":0,"35":0,"36":0,"37":0,"38":0,"39":0,"40":0,"41":0,"42":0,"43":0,"44":0,"45":0,"46":0,"47":0,"48":0,"49":0,"50":0,"51":0,"52":0,"53":0,"54":0,"55":0,"56":0,"57":1},"f":{"0":4,"1":1,"2":0,"3":1,"4":0,"5":0,"6":0,"7":0,"8":0,"9":0,"10":0},"b":{"0":[1,0],"1":[0,0,0,0],"2":[0],"3":[0],"4":[0],"5":[0]}}
,"/Users/guilhermeferraribrescia/orch-os/electron/services/dependency-installer/services/OllamaDependency.ts": {"path":"/Users/guilhermeferraribrescia/orch-os/electron/services/dependency-installer/services/OllamaDependency.ts","statementMap":{"0":{"start":{"line":16,"column":18},"end":{"line":16,"column":26}},"1":{"start":{"line":17,"column":25},"end":{"line":17,"column":33}},"2":{"start":{"line":20,"column":21},"end":{"line":20,"column":54}},"3":{"start":{"line":21,"column":21},"end":{"line":21,"column":null}},"4":{"start":{"line":30,"column":4},"end":{"line":72,"column":5}},"5":{"start":{"line":32,"column":30},"end":{"line":36,"column":8}},"6":{"start":{"line":39,"column":19},"end":{"line":39,"column":21}},"7":{"start":{"line":41,"column":6},"end":{"line":50,"column":7}},"8":{"start":{"line":42,"column":8},"end":{"line":49,"column":9}},"9":{"start":{"line":43,"column":25},"end":{"line":43,"column":64}},"10":{"start":{"line":44,"column":10},"end":{"line":44,"column":33}},"11":{"start":{"line":45,"column":10},"end":{"line":45,"column":46}},"12":{"start":{"line":46,"column":10},"end":{"line":46,"column":29}},"13":{"start":{"line":46,"column":23},"end":{"line":46,"column":29}},"14":{"start":{"line":53,"column":6},"end":{"line":59,"column":7}},"15":{"start":{"line":54,"column":23},"end":{"line":54,"column":72}},"16":{"start":{"line":55,"column":8},"end":{"line":57,"column":9}},"17":{"start":{"line":56,"column":10},"end":{"line":56,"column":38}},"18":{"start":{"line":58,"column":8},"end":{"line":58,"column":30}},"19":{"start":{"line":62,"column":19},"end":{"line":62,"column":39}},"20":{"start":{"line":64,"column":6},"end":{"line":68,"column":8}},"21":{"start":{"line":70,"column":6},"end":{"line":70,"column":63}},"22":{"start":{"line":71,"column":6},"end":{"line":71,"column":34}},"23":{"start":{"line":82,"column":22},"end":{"line":82,"column":53}},"24":{"start":{"line":83,"column":4},"end":{"line":83,"column":39}},"25":{"start":{"line":90,"column":22},"end":{"line":90,"column":53}},"26":{"start":{"line":91,"column":4},"end":{"line":91,"column":54}},"27":{"start":{"line":98,"column":21},"end":{"line":98,"column":79}},"28":{"start":{"line":100,"column":4},"end":{"line":105,"column":5}},"29":{"start":{"line":101,"column":20},"end":{"line":101,"column":41}},"30":{"start":{"line":102,"column":6},"end":{"line":104,"column":7}},"31":{"start":{"line":103,"column":8},"end":{"line":103,"column":24}},"32":{"start":{"line":108,"column":20},"end":{"line":108,"column":33}},"33":{"start":{"line":109,"column":4},"end":{"line":109,"column":75}},"34":{"start":{"line":116,"column":4},"end":{"line":123,"column":5}},"35":{"start":{"line":117,"column":25},"end":{"line":118,"column":null}},"36":{"start":{"line":120,"column":6},"end":{"line":120,"column":42}},"37":{"start":{"line":122,"column":6},"end":{"line":122,"column":23}},"38":{"start":{"line":15,"column":0},"end":{"line":15,"column":13}}},"fnMap":{"0":{"name":"(anonymous_0)","decl":{"start":{"line":19,"column":2},"end":{"line":19,"column":null}},"loc":{"start":{"line":23,"column":27},"end":{"line":24,"column":6}}},"1":{"name":"(anonymous_1)","decl":{"start":{"line":29,"column":2},"end":{"line":29,"column":7}},"loc":{"start":{"line":29,"column":13},"end":{"line":73,"column":3}}},"2":{"name":"(anonymous_2)","decl":{"start":{"line":78,"column":2},"end":{"line":78,"column":7}},"loc":{"start":{"line":80,"column":29},"end":{"line":84,"column":3}}},"3":{"name":"(anonymous_3)","decl":{"start":{"line":89,"column":2},"end":{"line":89,"column":23}},"loc":{"start":{"line":89,"column":49},"end":{"line":92,"column":3}}},"4":{"name":"(anonymous_4)","decl":{"start":{"line":97,"column":10},"end":{"line":97,"column":22}},"loc":{"start":{"line":97,"column":37},"end":{"line":110,"column":3}}},"5":{"name":"(anonymous_5)","decl":{"start":{"line":115,"column":10},"end":{"line":115,"column":15}},"loc":{"start":{"line":115,"column":23},"end":{"line":124,"column":3}}}},"branchMap":{"0":{"loc":{"start":{"line":46,"column":10},"end":{"line":46,"column":29}},"type":"if","locations":[{"start":{"line":46,"column":10},"end":{"line":46,"column":29}}]},"1":{"loc":{"start":{"line":53,"column":6},"end":{"line":59,"column":7}},"type":"if","locations":[{"start":{"line":53,"column":6},"end":{"line":59,"column":7}}]},"2":{"loc":{"start":{"line":55,"column":8},"end":{"line":57,"column":9}},"type":"if","locations":[{"start":{"line":55,"column":8},"end":{"line":57,"column":9}}]},"3":{"loc":{"start":{"line":102,"column":6},"end":{"line":104,"column":7}},"type":"if","locations":[{"start":{"line":102,"column":6},"end":{"line":104,"column":7}}]},"4":{"loc":{"start":{"line":109,"column":11},"end":{"line":109,"column":74}},"type":"cond-expr","locations":[{"start":{"line":109,"column":55},"end":{"line":109,"column":62}},{"start":{"line":109,"column":65},"end":{"line":109,"column":74}}]},"5":{"loc":{"start":{"line":109,"column":11},"end":{"line":109,"column":52}},"type":"binary-expr","locations":[{"start":{"line":109,"column":11},"end":{"line":109,"column":29}},{"start":{"line":109,"column":33},"end":{"line":109,"column":52}}]},"6":{"loc":{"start":{"line":118,"column":8},"end":{"line":118,"column":70}},"type":"cond-expr","locations":[{"start":{"line":118,"column":39},"end":{"line":118,"column":53}},{"start":{"line":118,"column":56},"end":{"line":118,"column":70}}]}},"s":{"0":4,"1":4,"2":4,"3":4,"4":1,"5":1,"6":1,"7":1,"8":1,"9":1,"10":1,"11":1,"12":1,"13":1,"14":1,"15":0,"16":0,"17":0,"18":0,"19":1,"20":1,"21":0,"22":0,"23":0,"24":0,"25":1,"26":1,"27":1,"28":1,"29":3,"30":3,"31":1,"32":0,"33":0,"34":1,"35":1,"36":1,"37":0,"38":1},"f":{"0":4,"1":1,"2":0,"3":1,"4":1,"5":1},"b":{"0":[1],"1":[0],"2":[0],"3":[1],"4":[0,0],"5":[0,0],"6":[0,1]}}
,"/Users/guilhermeferraribrescia/orch-os/electron/services/dependency-installer/services/ProgressReporter.ts": {"path":"/Users/guilhermeferraribrescia/orch-os/electron/services/dependency-installer/services/ProgressReporter.ts","statementMap":{"0":{"start":{"line":4,"column":0},"end":{"line":4,"column":38}},"1":{"start":{"line":18,"column":43},"end":{"line":18,"column":53}},"2":{"start":{"line":24,"column":4},"end":{"line":24,"column":57}},"3":{"start":{"line":25,"column":4},"end":{"line":27,"column":6}},"4":{"start":{"line":34,"column":4},"end":{"line":34,"column":55}},"5":{"start":{"line":41,"column":4},"end":{"line":41,"column":67}},"6":{"start":{"line":48,"column":4},"end":{"line":52,"column":7}},"7":{"start":{"line":63,"column":4},"end":{"line":68,"column":7}},"8":{"start":{"line":75,"column":4},"end":{"line":79,"column":7}},"9":{"start":{"line":86,"column":4},"end":{"line":90,"column":7}},"10":{"start":{"line":97,"column":4},"end":{"line":102,"column":7}},"11":{"start":{"line":14,"column":0},"end":{"line":14,"column":13}}},"fnMap":{"0":{"name":"(anonymous_0)","decl":{"start":{"line":23,"column":2},"end":{"line":23,"column":8}},"loc":{"start":{"line":23,"column":34},"end":{"line":28,"column":3}}},"1":{"name":"(anonymous_1)","decl":{"start":{"line":33,"column":2},"end":{"line":33,"column":12}},"loc":{"start":{"line":33,"column":58},"end":{"line":35,"column":3}}},"2":{"name":"(anonymous_2)","decl":{"start":{"line":40,"column":2},"end":{"line":40,"column":24}},"loc":{"start":{"line":40,"column":70},"end":{"line":42,"column":3}}},"3":{"name":"(anonymous_3)","decl":{"start":{"line":47,"column":2},"end":{"line":47,"column":16}},"loc":{"start":{"line":47,"column":52},"end":{"line":53,"column":3}}},"4":{"name":"(anonymous_4)","decl":{"start":{"line":58,"column":2},"end":{"line":58,"column":19}},"loc":{"start":{"line":61,"column":21},"end":{"line":69,"column":3}}},"5":{"name":"(anonymous_5)","decl":{"start":{"line":74,"column":2},"end":{"line":74,"column":18}},"loc":{"start":{"line":74,"column":54},"end":{"line":80,"column":3}}},"6":{"name":"(anonymous_6)","decl":{"start":{"line":85,"column":2},"end":{"line":85,"column":17}},"loc":{"start":{"line":85,"column":53},"end":{"line":91,"column":3}}},"7":{"name":"(anonymous_7)","decl":{"start":{"line":96,"column":2},"end":{"line":96,"column":13}},"loc":{"start":{"line":96,"column":65},"end":{"line":103,"column":3}}}},"branchMap":{},"s":{"0":1,"1":1,"2":0,"3":0,"4":4,"5":0,"6":0,"7":0,"8":0,"9":0,"10":0,"11":1},"f":{"0":0,"1":4,"2":0,"3":0,"4":0,"5":0,"6":0,"7":0},"b":{}}
,"/Users/guilhermeferraribrescia/orch-os/electron/services/dependency-installer/strategies/BasePlatformInstaller.ts": {"path":"/Users/guilhermeferraribrescia/orch-os/electron/services/dependency-installer/strategies/BasePlatformInstaller.ts","statementMap":{"0":{"start":{"line":16,"column":23},"end":{"line":16,"column":56}},"1":{"start":{"line":17,"column":23},"end":{"line":17,"column":58}},"2":{"start":{"line":24,"column":4},"end":{"line":24,"column":38}},"3":{"start":{"line":53,"column":4},"end":{"line":55,"column":7}},"4":{"start":{"line":54,"column":6},"end":{"line":54,"column":25}},"5":{"start":{"line":69,"column":4},"end":{"line":81,"column":5}},"6":{"start":{"line":70,"column":25},"end":{"line":71,"column":null}},"7":{"start":{"line":73,"column":6},"end":{"line":80,"column":7}},"8":{"start":{"line":74,"column":8},"end":{"line":77,"column":10}},"9":{"start":{"line":78,"column":8},"end":{"line":78,"column":75}},"10":{"start":{"line":79,"column":8},"end":{"line":79,"column":20}},"11":{"start":{"line":82,"column":4},"end":{"line":82,"column":17}},"12":{"start":{"line":12,"column":0},"end":{"line":12,"column":22}}},"fnMap":{"0":{"name":"(anonymous_0)","decl":{"start":{"line":15,"column":2},"end":{"line":15,"column":null}},"loc":{"start":{"line":17,"column":58},"end":{"line":18,"column":6}}},"1":{"name":"(anonymous_1)","decl":{"start":{"line":23,"column":2},"end":{"line":23,"column":11}},"loc":{"start":{"line":23,"column":37},"end":{"line":25,"column":3}}},"2":{"name":"(anonymous_2)","decl":{"start":{"line":48,"column":12},"end":{"line":48,"column":17}},"loc":{"start":{"line":51,"column":42},"end":{"line":56,"column":3}}},"3":{"name":"(anonymous_3)","decl":{"start":{"line":53,"column":60},"end":{"line":53,"column":61}},"loc":{"start":{"line":53,"column":69},"end":{"line":55,"column":5}}},"4":{"name":"(anonymous_4)","decl":{"start":{"line":61,"column":12},"end":{"line":61,"column":17}},"loc":{"start":{"line":67,"column":6},"end":{"line":83,"column":3}}}},"branchMap":{"0":{"loc":{"start":{"line":73,"column":6},"end":{"line":80,"column":7}},"type":"if","locations":[{"start":{"line":73,"column":6},"end":{"line":80,"column":7}}]}},"s":{"0":12,"1":12,"2":0,"3":0,"4":0,"5":0,"6":0,"7":0,"8":0,"9":0,"10":0,"11":0,"12":1},"f":{"0":12,"1":0,"2":0,"3":0,"4":0},"b":{"0":[0]}}
,"/Users/guilhermeferraribrescia/orch-os/electron/services/dependency-installer/strategies/LinuxInstaller.ts": {"path":"/Users/guilhermeferraribrescia/orch-os/electron/services/dependency-installer/strategies/LinuxInstaller.ts","statementMap":{"0":{"start":{"line":4,"column":0},"end":{"line":4,"column":64}},"1":{"start":{"line":20,"column":39},"end":{"line":20,"column":46}},"2":{"start":{"line":29,"column":4},"end":{"line":32,"column":6}},"3":{"start":{"line":34,"column":4},"end":{"line":43,"column":5}},"4":{"start":{"line":36,"column":8},"end":{"line":36,"column":45}},"5":{"start":{"line":37,"column":8},"end":{"line":37,"column":14}},"6":{"start":{"line":39,"column":8},"end":{"line":39,"column":45}},"7":{"start":{"line":40,"column":8},"end":{"line":40,"column":14}},"8":{"start":{"line":42,"column":8},"end":{"line":42,"column":61}},"9":{"start":{"line":50,"column":49},"end":{"line":58,"column":6}},"10":{"start":{"line":60,"column":4},"end":{"line":63,"column":6}},"11":{"start":{"line":70,"column":4},"end":{"line":80,"column":5}},"12":{"start":{"line":72,"column":25},"end":{"line":72,"column":68}},"13":{"start":{"line":73,"column":6},"end":{"line":73,"column":45}},"14":{"start":{"line":73,"column":33},"end":{"line":73,"column":45}},"15":{"start":{"line":76,"column":6},"end":{"line":76,"column":57}},"16":{"start":{"line":77,"column":6},"end":{"line":77,"column":18}},"17":{"start":{"line":79,"column":6},"end":{"line":79,"column":19}},"18":{"start":{"line":86,"column":4},"end":{"line":89,"column":6}},"19":{"start":{"line":91,"column":4},"end":{"line":95,"column":6}},"20":{"start":{"line":101,"column":4},"end":{"line":104,"column":6}},"21":{"start":{"line":106,"column":19},"end":{"line":106,"column":44}},"22":{"start":{"line":108,"column":4},"end":{"line":128,"column":5}},"23":{"start":{"line":111,"column":8},"end":{"line":111,"column":59}},"24":{"start":{"line":112,"column":8},"end":{"line":112,"column":14}},"25":{"start":{"line":116,"column":8},"end":{"line":116,"column":49}},"26":{"start":{"line":117,"column":8},"end":{"line":117,"column":14}},"27":{"start":{"line":119,"column":8},"end":{"line":119,"column":49}},"28":{"start":{"line":120,"column":8},"end":{"line":120,"column":14}},"29":{"start":{"line":123,"column":8},"end":{"line":127,"column":10}},"30":{"start":{"line":131,"column":4},"end":{"line":135,"column":6}},"31":{"start":{"line":137,"column":4},"end":{"line":140,"column":6}},"32":{"start":{"line":144,"column":4},"end":{"line":159,"column":5}},"33":{"start":{"line":145,"column":25},"end":{"line":146,"column":null}},"34":{"start":{"line":149,"column":6},"end":{"line":149,"column":53}},"35":{"start":{"line":149,"column":37},"end":{"line":149,"column":53}},"36":{"start":{"line":150,"column":6},"end":{"line":150,"column":53}},"37":{"start":{"line":150,"column":37},"end":{"line":150,"column":53}},"38":{"start":{"line":151,"column":6},"end":{"line":151,"column":53}},"39":{"start":{"line":151,"column":37},"end":{"line":151,"column":53}},"40":{"start":{"line":152,"column":6},"end":{"line":152,"column":53}},"41":{"start":{"line":152,"column":37},"end":{"line":152,"column":53}},"42":{"start":{"line":153,"column":6},"end":{"line":153,"column":49}},"43":{"start":{"line":153,"column":35},"end":{"line":153,"column":49}},"44":{"start":{"line":154,"column":6},"end":{"line":154,"column":49}},"45":{"start":{"line":154,"column":35},"end":{"line":154,"column":49}},"46":{"start":{"line":156,"column":6},"end":{"line":156,"column":23}},"47":{"start":{"line":158,"column":6},"end":{"line":158,"column":23}},"48":{"start":{"line":166,"column":21},"end":{"line":175,"column":6}},"49":{"start":{"line":177,"column":4},"end":{"line":179,"column":5}},"50":{"start":{"line":178,"column":6},"end":{"line":178,"column":64}},"51":{"start":{"line":185,"column":21},"end":{"line":191,"column":6}},"52":{"start":{"line":193,"column":4},"end":{"line":195,"column":5}},"53":{"start":{"line":194,"column":6},"end":{"line":194,"column":64}},"54":{"start":{"line":201,"column":4},"end":{"line":205,"column":6}},"55":{"start":{"line":206,"column":4},"end":{"line":210,"column":6}},"56":{"start":{"line":211,"column":4},"end":{"line":215,"column":6}},"57":{"start":{"line":19,"column":0},"end":{"line":19,"column":13}}},"fnMap":{"0":{"name":"(anonymous_0)","decl":{"start":{"line":25,"column":2},"end":{"line":25,"column":7}},"loc":{"start":{"line":27,"column":42},"end":{"line":44,"column":3}}},"1":{"name":"(anonymous_1)","decl":{"start":{"line":49,"column":2},"end":{"line":49,"column":23}},"loc":{"start":{"line":49,"column":42},"end":{"line":64,"column":3}}},"2":{"name":"(anonymous_2)","decl":{"start":{"line":69,"column":2},"end":{"line":69,"column":7}},"loc":{"start":{"line":69,"column":23},"end":{"line":81,"column":3}}},"3":{"name":"(anonymous_3)","decl":{"start":{"line":83,"column":10},"end":{"line":83,"column":15}},"loc":{"start":{"line":84,"column":42},"end":{"line":96,"column":3}}},"4":{"name":"(anonymous_4)","decl":{"start":{"line":98,"column":10},"end":{"line":98,"column":15}},"loc":{"start":{"line":99,"column":42},"end":{"line":141,"column":3}}},"5":{"name":"(anonymous_5)","decl":{"start":{"line":143,"column":10},"end":{"line":143,"column":15}},"loc":{"start":{"line":143,"column":28},"end":{"line":160,"column":3}}},"6":{"name":"(anonymous_6)","decl":{"start":{"line":162,"column":10},"end":{"line":162,"column":15}},"loc":{"start":{"line":164,"column":42},"end":{"line":180,"column":3}}},"7":{"name":"(anonymous_7)","decl":{"start":{"line":182,"column":10},"end":{"line":182,"column":15}},"loc":{"start":{"line":183,"column":42},"end":{"line":196,"column":3}}},"8":{"name":"(anonymous_8)","decl":{"start":{"line":198,"column":10},"end":{"line":198,"column":15}},"loc":{"start":{"line":199,"column":42},"end":{"line":216,"column":3}}}},"branchMap":{"0":{"loc":{"start":{"line":34,"column":4},"end":{"line":43,"column":5}},"type":"switch","locations":[{"start":{"line":35,"column":6},"end":{"line":37,"column":14}},{"start":{"line":38,"column":6},"end":{"line":40,"column":14}},{"start":{"line":41,"column":6},"end":{"line":42,"column":61}}]},"1":{"loc":{"start":{"line":61,"column":6},"end":{"line":62,"column":72}},"type":"binary-expr","locations":[{"start":{"line":61,"column":6},"end":{"line":61,"column":30}},{"start":{"line":62,"column":6},"end":{"line":62,"column":72}}]},"2":{"loc":{"start":{"line":73,"column":6},"end":{"line":73,"column":45}},"type":"if","locations":[{"start":{"line":73,"column":6},"end":{"line":73,"column":45}}]},"3":{"loc":{"start":{"line":108,"column":4},"end":{"line":128,"column":5}},"type":"switch","locations":[{"start":{"line":109,"column":6},"end":{"line":109,"column":20}},{"start":{"line":110,"column":6},"end":{"line":112,"column":14}},{"start":{"line":113,"column":6},"end":{"line":113,"column":20}},{"start":{"line":114,"column":6},"end":{"line":114,"column":20}},{"start":{"line":115,"column":6},"end":{"line":117,"column":14}},{"start":{"line":118,"column":6},"end":{"line":120,"column":14}},{"start":{"line":121,"column":6},"end":{"line":127,"column":10}}]},"4":{"loc":{"start":{"line":149,"column":6},"end":{"line":149,"column":53}},"type":"if","locations":[{"start":{"line":149,"column":6},"end":{"line":149,"column":53}}]},"5":{"loc":{"start":{"line":150,"column":6},"end":{"line":150,"column":53}},"type":"if","locations":[{"start":{"line":150,"column":6},"end":{"line":150,"column":53}}]},"6":{"loc":{"start":{"line":151,"column":6},"end":{"line":151,"column":53}},"type":"if","locations":[{"start":{"line":151,"column":6},"end":{"line":151,"column":53}}]},"7":{"loc":{"start":{"line":152,"column":6},"end":{"line":152,"column":53}},"type":"if","locations":[{"start":{"line":152,"column":6},"end":{"line":152,"column":53}}]},"8":{"loc":{"start":{"line":153,"column":6},"end":{"line":153,"column":49}},"type":"if","locations":[{"start":{"line":153,"column":6},"end":{"line":153,"column":49}}]},"9":{"loc":{"start":{"line":154,"column":6},"end":{"line":154,"column":49}},"type":"if","locations":[{"start":{"line":154,"column":6},"end":{"line":154,"column":49}}]}},"s":{"0":1,"1":4,"2":0,"3":0,"4":0,"5":0,"6":0,"7":0,"8":0,"9":0,"10":0,"11":0,"12":0,"13":0,"14":0,"15":0,"16":0,"17":0,"18":0,"19":0,"20":0,"21":0,"22":0,"23":0,"24":0,"25":0,"26":0,"27":0,"28":0,"29":0,"30":0,"31":0,"32":0,"33":0,"34":0,"35":0,"36":0,"37":0,"38":0,"39":0,"40":0,"41":0,"42":0,"43":0,"44":0,"45":0,"46":0,"47":0,"48":0,"49":0,"50":0,"51":0,"52":0,"53":0,"54":0,"55":0,"56":0,"57":1},"f":{"0":0,"1":0,"2":0,"3":0,"4":0,"5":0,"6":0,"7":0,"8":0},"b":{"0":[0,0,0],"1":[0,0],"2":[0],"3":[0,0,0,0,0,0,0],"4":[0],"5":[0],"6":[0],"7":[0],"8":[0],"9":[0]}}
,"/Users/guilhermeferraribrescia/orch-os/electron/services/dependency-installer/strategies/MacOSInstaller.ts": {"path":"/Users/guilhermeferraribrescia/orch-os/electron/services/dependency-installer/strategies/MacOSInstaller.ts","statementMap":{"0":{"start":{"line":4,"column":0},"end":{"line":4,"column":64}},"1":{"start":{"line":11,"column":39},"end":{"line":11,"column":47}},"2":{"start":{"line":20,"column":4},"end":{"line":23,"column":6}},"3":{"start":{"line":25,"column":4},"end":{"line":34,"column":5}},"4":{"start":{"line":27,"column":8},"end":{"line":27,"column":45}},"5":{"start":{"line":28,"column":8},"end":{"line":28,"column":14}},"6":{"start":{"line":30,"column":8},"end":{"line":30,"column":45}},"7":{"start":{"line":31,"column":8},"end":{"line":31,"column":14}},"8":{"start":{"line":33,"column":8},"end":{"line":33,"column":61}},"9":{"start":{"line":41,"column":49},"end":{"line":52,"column":6}},"10":{"start":{"line":54,"column":4},"end":{"line":57,"column":6}},"11":{"start":{"line":64,"column":4},"end":{"line":74,"column":5}},"12":{"start":{"line":66,"column":25},"end":{"line":66,"column":68}},"13":{"start":{"line":67,"column":6},"end":{"line":67,"column":45}},"14":{"start":{"line":67,"column":33},"end":{"line":67,"column":45}},"15":{"start":{"line":70,"column":6},"end":{"line":70,"column":57}},"16":{"start":{"line":71,"column":6},"end":{"line":71,"column":18}},"17":{"start":{"line":73,"column":6},"end":{"line":73,"column":19}},"18":{"start":{"line":80,"column":4},"end":{"line":83,"column":6}},"19":{"start":{"line":86,"column":4},"end":{"line":95,"column":5}},"20":{"start":{"line":87,"column":6},"end":{"line":91,"column":8}},"21":{"start":{"line":92,"column":6},"end":{"line":92,"column":13}},"22":{"start":{"line":94,"column":6},"end":{"line":94,"column":64}},"23":{"start":{"line":98,"column":20},"end":{"line":104,"column":6}},"24":{"start":{"line":106,"column":4},"end":{"line":110,"column":5}},"25":{"start":{"line":107,"column":6},"end":{"line":109,"column":8}},"26":{"start":{"line":116,"column":4},"end":{"line":119,"column":6}},"27":{"start":{"line":121,"column":20},"end":{"line":127,"column":6}},"28":{"start":{"line":129,"column":4},"end":{"line":133,"column":5}},"29":{"start":{"line":130,"column":6},"end":{"line":132,"column":8}},"30":{"start":{"line":135,"column":4},"end":{"line":138,"column":6}},"31":{"start":{"line":10,"column":0},"end":{"line":10,"column":13}}},"fnMap":{"0":{"name":"(anonymous_0)","decl":{"start":{"line":16,"column":2},"end":{"line":16,"column":7}},"loc":{"start":{"line":18,"column":42},"end":{"line":35,"column":3}}},"1":{"name":"(anonymous_1)","decl":{"start":{"line":40,"column":2},"end":{"line":40,"column":23}},"loc":{"start":{"line":40,"column":42},"end":{"line":58,"column":3}}},"2":{"name":"(anonymous_2)","decl":{"start":{"line":63,"column":2},"end":{"line":63,"column":7}},"loc":{"start":{"line":63,"column":23},"end":{"line":75,"column":3}}},"3":{"name":"(anonymous_3)","decl":{"start":{"line":77,"column":10},"end":{"line":77,"column":15}},"loc":{"start":{"line":78,"column":42},"end":{"line":111,"column":3}}},"4":{"name":"(anonymous_4)","decl":{"start":{"line":113,"column":10},"end":{"line":113,"column":15}},"loc":{"start":{"line":114,"column":42},"end":{"line":139,"column":3}}}},"branchMap":{"0":{"loc":{"start":{"line":25,"column":4},"end":{"line":34,"column":5}},"type":"switch","locations":[{"start":{"line":26,"column":6},"end":{"line":28,"column":14}},{"start":{"line":29,"column":6},"end":{"line":31,"column":14}},{"start":{"line":32,"column":6},"end":{"line":33,"column":61}}]},"1":{"loc":{"start":{"line":55,"column":6},"end":{"line":56,"column":72}},"type":"binary-expr","locations":[{"start":{"line":55,"column":6},"end":{"line":55,"column":30}},{"start":{"line":56,"column":6},"end":{"line":56,"column":72}}]},"2":{"loc":{"start":{"line":67,"column":6},"end":{"line":67,"column":45}},"type":"if","locations":[{"start":{"line":67,"column":6},"end":{"line":67,"column":45}}]},"3":{"loc":{"start":{"line":106,"column":4},"end":{"line":110,"column":5}},"type":"if","locations":[{"start":{"line":106,"column":4},"end":{"line":110,"column":5}}]},"4":{"loc":{"start":{"line":129,"column":4},"end":{"line":133,"column":5}},"type":"if","locations":[{"start":{"line":129,"column":4},"end":{"line":133,"column":5}}]}},"s":{"0":1,"1":4,"2":0,"3":0,"4":0,"5":0,"6":0,"7":0,"8":0,"9":2,"10":2,"11":0,"12":0,"13":0,"14":0,"15":0,"16":0,"17":0,"18":0,"19":0,"20":0,"21":0,"22":0,"23":0,"24":0,"25":0,"26":0,"27":0,"28":0,"29":0,"30":0,"31":1},"f":{"0":0,"1":2,"2":0,"3":0,"4":0},"b":{"0":[0,0,0],"1":[2,0],"2":[0],"3":[0],"4":[0]}}
,"/Users/guilhermeferraribrescia/orch-os/electron/services/dependency-installer/strategies/PlatformInstallerFactory.ts": {"path":"/Users/guilhermeferraribrescia/orch-os/electron/services/dependency-installer/strategies/PlatformInstallerFactory.ts","statementMap":{"0":{"start":{"line":10,"column":0},"end":{"line":10,"column":50}},"1":{"start":{"line":11,"column":0},"end":{"line":11,"column":50}},"2":{"start":{"line":12,"column":0},"end":{"line":12,"column":54}},"3":{"start":{"line":25,"column":4},"end":{"line":25,"column":69}},"4":{"start":{"line":26,"column":4},"end":{"line":29,"column":6}},"5":{"start":{"line":30,"column":4},"end":{"line":33,"column":6}},"6":{"start":{"line":34,"column":4},"end":{"line":37,"column":6}},"7":{"start":{"line":44,"column":22},"end":{"line":44,"column":51}},"8":{"start":{"line":45,"column":4},"end":{"line":47,"column":5}},"9":{"start":{"line":46,"column":6},"end":{"line":46,"column":59}},"10":{"start":{"line":48,"column":4},"end":{"line":48,"column":21}},"11":{"start":{"line":18,"column":0},"end":{"line":18,"column":13}}},"fnMap":{"0":{"name":"(anonymous_0)","decl":{"start":{"line":21,"column":2},"end":{"line":21,"column":null}},"loc":{"start":{"line":23,"column":39},"end":{"line":38,"column":3}}},"1":{"name":"(anonymous_1)","decl":{"start":{"line":43,"column":2},"end":{"line":43,"column":8}},"loc":{"start":{"line":43,"column":34},"end":{"line":49,"column":3}}}},"branchMap":{"0":{"loc":{"start":{"line":45,"column":4},"end":{"line":47,"column":5}},"type":"if","locations":[{"start":{"line":45,"column":4},"end":{"line":47,"column":5}}]}},"s":{"0":1,"1":1,"2":1,"3":4,"4":4,"5":4,"6":4,"7":2,"8":2,"9":0,"10":2,"11":1},"f":{"0":4,"1":2},"b":{"0":[0]}}
,"/Users/guilhermeferraribrescia/orch-os/electron/services/dependency-installer/strategies/WindowsInstaller.ts": {"path":"/Users/guilhermeferraribrescia/orch-os/electron/services/dependency-installer/strategies/WindowsInstaller.ts","statementMap":{"0":{"start":{"line":4,"column":0},"end":{"line":4,"column":64}},"1":{"start":{"line":11,"column":39},"end":{"line":11,"column":46}},"2":{"start":{"line":20,"column":4},"end":{"line":23,"column":6}},"3":{"start":{"line":26,"column":21},"end":{"line":26,"column":49}},"4":{"start":{"line":27,"column":4},"end":{"line":31,"column":5}},"5":{"start":{"line":28,"column":6},"end":{"line":30,"column":8}},"6":{"start":{"line":33,"column":4},"end":{"line":42,"column":5}},"7":{"start":{"line":35,"column":8},"end":{"line":35,"column":45}},"8":{"start":{"line":36,"column":8},"end":{"line":36,"column":14}},"9":{"start":{"line":38,"column":8},"end":{"line":38,"column":45}},"10":{"start":{"line":39,"column":8},"end":{"line":39,"column":14}},"11":{"start":{"line":41,"column":8},"end":{"line":41,"column":61}},"12":{"start":{"line":49,"column":49},"end":{"line":60,"column":6}},"13":{"start":{"line":62,"column":4},"end":{"line":65,"column":6}},"14":{"start":{"line":72,"column":4},"end":{"line":77,"column":5}},"15":{"start":{"line":73,"column":6},"end":{"line":73,"column":56}},"16":{"start":{"line":74,"column":6},"end":{"line":74,"column":18}},"17":{"start":{"line":76,"column":6},"end":{"line":76,"column":19}},"18":{"start":{"line":83,"column":4},"end":{"line":86,"column":6}},"19":{"start":{"line":88,"column":20},"end":{"line":99,"column":6}},"20":{"start":{"line":101,"column":4},"end":{"line":105,"column":5}},"21":{"start":{"line":102,"column":6},"end":{"line":104,"column":8}},"22":{"start":{"line":111,"column":4},"end":{"line":114,"column":6}},"23":{"start":{"line":116,"column":20},"end":{"line":127,"column":6}},"24":{"start":{"line":129,"column":4},"end":{"line":133,"column":5}},"25":{"start":{"line":130,"column":6},"end":{"line":132,"column":8}},"26":{"start":{"line":145,"column":30},"end":{"line":147,"column":42}},"27":{"start":{"line":149,"column":4},"end":{"line":149,"column":79}},"28":{"start":{"line":10,"column":0},"end":{"line":10,"column":13}}},"fnMap":{"0":{"name":"(anonymous_0)","decl":{"start":{"line":16,"column":2},"end":{"line":16,"column":7}},"loc":{"start":{"line":18,"column":42},"end":{"line":43,"column":3}}},"1":{"name":"(anonymous_1)","decl":{"start":{"line":48,"column":2},"end":{"line":48,"column":23}},"loc":{"start":{"line":48,"column":42},"end":{"line":66,"column":3}}},"2":{"name":"(anonymous_2)","decl":{"start":{"line":71,"column":2},"end":{"line":71,"column":7}},"loc":{"start":{"line":71,"column":23},"end":{"line":78,"column":3}}},"3":{"name":"(anonymous_3)","decl":{"start":{"line":80,"column":10},"end":{"line":80,"column":15}},"loc":{"start":{"line":81,"column":42},"end":{"line":106,"column":3}}},"4":{"name":"(anonymous_4)","decl":{"start":{"line":108,"column":10},"end":{"line":108,"column":15}},"loc":{"start":{"line":109,"column":42},"end":{"line":134,"column":3}}},"5":{"name":"(anonymous_5)","decl":{"start":{"line":139,"column":12},"end":{"line":139,"column":17}},"loc":{"start":{"line":142,"column":42},"end":{"line":150,"column":3}}}},"branchMap":{"0":{"loc":{"start":{"line":27,"column":4},"end":{"line":31,"column":5}},"type":"if","locations":[{"start":{"line":27,"column":4},"end":{"line":31,"column":5}}]},"1":{"loc":{"start":{"line":33,"column":4},"end":{"line":42,"column":5}},"type":"switch","locations":[{"start":{"line":34,"column":6},"end":{"line":36,"column":14}},{"start":{"line":37,"column":6},"end":{"line":39,"column":14}},{"start":{"line":40,"column":6},"end":{"line":41,"column":61}}]},"2":{"loc":{"start":{"line":63,"column":6},"end":{"line":64,"column":72}},"type":"binary-expr","locations":[{"start":{"line":63,"column":6},"end":{"line":63,"column":30}},{"start":{"line":64,"column":6},"end":{"line":64,"column":72}}]},"3":{"loc":{"start":{"line":101,"column":4},"end":{"line":105,"column":5}},"type":"if","locations":[{"start":{"line":101,"column":4},"end":{"line":105,"column":5}}]},"4":{"loc":{"start":{"line":129,"column":4},"end":{"line":133,"column":5}},"type":"if","locations":[{"start":{"line":129,"column":4},"end":{"line":133,"column":5}}]},"5":{"loc":{"start":{"line":145,"column":30},"end":{"line":147,"column":42}},"type":"cond-expr","locations":[{"start":{"line":146,"column":8},"end":{"line":146,"column":15}},{"start":{"line":147,"column":8},"end":{"line":147,"column":42}}]}},"s":{"0":1,"1":4,"2":0,"3":0,"4":0,"5":0,"6":0,"7":0,"8":0,"9":0,"10":0,"11":0,"12":0,"13":0,"14":0,"15":0,"16":0,"17":0,"18":0,"19":0,"20":0,"21":0,"22":0,"23":0,"24":0,"25":0,"26":0,"27":0,"28":1},"f":{"0":0,"1":0,"2":0,"3":0,"4":0,"5":0},"b":{"0":[0],"1":[0,0,0],"2":[0,0],"3":[0],"4":[0],"5":[0,0]}}
}
