TN:
SF:electron/services/DependencyInstaller.ts
FN:18,(anonymous_4)
FNF:1
FNH:0
FNDA:0,(anonymous_4)
DA:8,1
DA:18,1
LF:2
LH:2
BRF:0
BRH:0
end_of_record
TN:
SF:electron/services/dependency-installer/DependencyInstaller.ts
FN:37,(anonymous_0)
FN:44,(anonymous_1)
FN:57,(anonymous_2)
FN:63,(anonymous_3)
FN:72,(anonymous_4)
FN:84,(anonymous_5)
FN:95,(anonymous_6)
FN:102,(anonymous_7)
FN:109,(anonymous_8)
FN:120,(anonymous_9)
FN:131,(anonymous_10)
FN:138,(anonymous_11)
FN:194,(anonymous_12)
FN:203,(anonymous_13)
FNF:14
FNH:6
FNDA:4,(anonymous_0)
FNDA:0,(anonymous_1)
FNDA:1,(anonymous_2)
FNDA:1,(anonymous_3)
FNDA:1,(anonymous_4)
FNDA:2,(anonymous_5)
FNDA:0,(anonymous_6)
FNDA:0,(anonymous_7)
FNDA:2,(anonymous_8)
FNDA:0,(anonymous_9)
FNDA:0,(anonymous_10)
FNDA:0,(anonymous_11)
FNDA:0,(anonymous_12)
FNDA:0,(anonymous_13)
DA:4,1
DA:5,1
DA:13,1
DA:14,1
DA:15,1
DA:16,1
DA:17,1
DA:31,1
DA:38,4
DA:39,4
DA:40,4
DA:41,4
DA:44,4
DA:45,0
DA:49,4
DA:54,4
DA:55,4
DA:58,1
DA:61,4
DA:64,1
DA:73,1
DA:78,1
DA:85,2
DA:86,2
DA:87,0
DA:89,2
DA:96,0
DA:103,0
DA:110,2
DA:111,2
DA:112,0
DA:114,2
DA:121,0
DA:122,0
DA:123,0
DA:125,0
DA:132,0
DA:139,0
DA:140,0
DA:141,0
DA:144,0
DA:145,0
DA:148,0
DA:153,0
DA:155,0
DA:156,0
DA:157,0
DA:161,0
DA:165,0
DA:168,0
DA:169,0
DA:170,0
DA:175,0
DA:181,0
DA:182,0
DA:187,0
DA:197,0
DA:204,0
LF:58
LH:27
BRDA:86,0,0,0
BRDA:111,1,0,0
BRDA:122,2,0,0
BRDA:122,3,0,0
BRDA:122,3,1,0
BRDA:140,4,0,0
BRDA:144,5,0,0
BRDA:156,6,0,0
BRDA:169,7,0,0
BRDA:181,8,0,0
BRDA:181,8,1,0
BRDA:204,9,0,0
BRDA:204,9,1,0
BRF:13
BRH:0
end_of_record
TN:
SF:electron/services/dependency-installer/index.ts
FN:5,(anonymous_0)
FN:16,(anonymous_1)
FNF:2
FNH:1
FNDA:4,(anonymous_0)
FNDA:0,(anonymous_1)
DA:5,5
DA:16,1
LF:2
LH:2
BRF:0
BRH:0
end_of_record
TN:
SF:electron/services/dependency-installer/services/CommandExecutor.ts
FN:18,(anonymous_0)
FN:25,(anonymous_1)
FN:37,(anonymous_2)
FN:41,(anonymous_3)
FN:52,(anonymous_4)
FN:59,(anonymous_5)
FN:65,(anonymous_6)
FN:77,(anonymous_7)
FN:86,(anonymous_8)
FN:99,(anonymous_9)
FNF:10
FNH:2
FNDA:4,(anonymous_0)
FNDA:4,(anonymous_1)
FNDA:0,(anonymous_2)
FNDA:0,(anonymous_3)
FNDA:0,(anonymous_4)
FNDA:0,(anonymous_5)
FNDA:0,(anonymous_6)
FNDA:0,(anonymous_7)
FNDA:0,(anonymous_8)
FNDA:0,(anonymous_9)
DA:4,1
DA:5,1
DA:6,1
DA:9,1
DA:15,1
DA:19,4
DA:26,4
DA:27,4
DA:28,3
DA:30,1
DA:41,0
DA:42,0
DA:43,0
DA:49,0
DA:50,0
DA:52,0
DA:53,0
DA:54,0
DA:55,0
DA:56,0
DA:59,0
DA:60,0
DA:61,0
DA:62,0
DA:65,0
DA:66,0
DA:67,0
DA:69,0
DA:77,0
DA:78,0
DA:87,0
DA:88,0
DA:89,0
DA:90,0
DA:92,0
DA:100,0
DA:101,0
DA:103,0
LF:38
LH:10
BRDA:28,0,0,3
BRDA:28,0,1,0
BRDA:28,1,0,3
BRDA:28,1,1,3
BRDA:66,2,0,0
BRDA:66,2,1,0
BRDA:88,3,0,0
BRDA:88,3,1,0
BRDA:100,4,0,0
BRF:9
BRH:3
end_of_record
TN:
SF:electron/services/dependency-installer/services/DockerDependency.ts
FN:22,(anonymous_0)
FN:32,(anonymous_1)
FN:60,(anonymous_2)
FN:71,(anonymous_3)
FN:79,(anonymous_4)
FN:109,(anonymous_5)
FN:121,(anonymous_6)
FN:126,(anonymous_7)
FN:138,(anonymous_8)
FN:148,(anonymous_9)
FN:155,(anonymous_10)
FNF:11
FNH:3
FNDA:4,(anonymous_0)
FNDA:1,(anonymous_1)
FNDA:0,(anonymous_2)
FNDA:1,(anonymous_3)
FNDA:0,(anonymous_4)
FNDA:0,(anonymous_5)
FNDA:0,(anonymous_6)
FNDA:0,(anonymous_7)
FNDA:0,(anonymous_8)
FNDA:0,(anonymous_9)
FNDA:0,(anonymous_10)
DA:16,1
DA:19,4
DA:20,4
DA:23,4
DA:24,4
DA:33,1
DA:34,1
DA:35,1
DA:36,1
DA:39,1
DA:40,1
DA:41,1
DA:42,0
DA:44,1
DA:47,1
DA:53,0
DA:64,0
DA:65,0
DA:72,1
DA:73,1
DA:80,0
DA:82,0
DA:83,0
DA:85,0
DA:86,0
DA:88,0
DA:89,0
DA:91,0
DA:92,0
DA:94,0
DA:98,0
DA:99,0
DA:101,0
DA:102,0
DA:110,0
DA:111,0
DA:112,0
DA:115,0
DA:117,0
DA:122,0
DA:123,0
DA:127,0
DA:128,0
DA:129,0
DA:134,0
DA:139,0
DA:140,0
DA:141,0
DA:144,0
DA:149,0
DA:150,0
DA:151,0
DA:152,0
DA:154,0
DA:155,0
DA:159,0
LF:56
LH:16
BRDA:36,0,0,1
BRDA:36,0,1,0
BRDA:83,1,0,0
BRDA:83,1,1,0
BRDA:83,1,2,0
BRDA:83,1,3,0
BRDA:111,2,0,0
BRDA:148,3,0,0
BRDA:148,4,0,0
BRDA:154,5,0,0
BRF:10
BRH:1
end_of_record
TN:
SF:electron/services/dependency-installer/services/OllamaDependency.ts
FN:19,(anonymous_0)
FN:29,(anonymous_1)
FN:78,(anonymous_2)
FN:89,(anonymous_3)
FN:97,(anonymous_4)
FN:115,(anonymous_5)
FNF:6
FNH:5
FNDA:4,(anonymous_0)
FNDA:1,(anonymous_1)
FNDA:0,(anonymous_2)
FNDA:1,(anonymous_3)
FNDA:1,(anonymous_4)
FNDA:1,(anonymous_5)
DA:15,1
DA:16,4
DA:17,4
DA:20,4
DA:21,4
DA:30,1
DA:32,1
DA:39,1
DA:41,1
DA:42,1
DA:43,1
DA:44,1
DA:45,1
DA:46,1
DA:53,1
DA:54,0
DA:55,0
DA:56,0
DA:58,0
DA:62,1
DA:64,1
DA:70,0
DA:71,0
DA:82,0
DA:83,0
DA:90,1
DA:91,1
DA:98,1
DA:100,1
DA:101,3
DA:102,3
DA:103,1
DA:108,0
DA:109,0
DA:116,1
DA:117,1
DA:120,1
DA:122,0
LF:38
LH:27
BRDA:46,0,0,1
BRDA:53,1,0,0
BRDA:55,2,0,0
BRDA:102,3,0,1
BRDA:109,4,0,0
BRDA:109,4,1,0
BRDA:109,5,0,0
BRDA:109,5,1,0
BRDA:118,6,0,0
BRDA:118,6,1,1
BRF:10
BRH:3
end_of_record
TN:
SF:electron/services/dependency-installer/services/ProgressReporter.ts
FN:23,(anonymous_0)
FN:33,(anonymous_1)
FN:40,(anonymous_2)
FN:47,(anonymous_3)
FN:58,(anonymous_4)
FN:74,(anonymous_5)
FN:85,(anonymous_6)
FN:96,(anonymous_7)
FNF:8
FNH:1
FNDA:0,(anonymous_0)
FNDA:4,(anonymous_1)
FNDA:0,(anonymous_2)
FNDA:0,(anonymous_3)
FNDA:0,(anonymous_4)
FNDA:0,(anonymous_5)
FNDA:0,(anonymous_6)
FNDA:0,(anonymous_7)
DA:4,1
DA:14,1
DA:18,1
DA:24,0
DA:25,0
DA:34,4
DA:41,0
DA:48,0
DA:63,0
DA:75,0
DA:86,0
DA:97,0
LF:12
LH:4
BRF:0
BRH:0
end_of_record
TN:
SF:electron/services/dependency-installer/strategies/BasePlatformInstaller.ts
FN:15,(anonymous_0)
FN:23,(anonymous_1)
FN:48,(anonymous_2)
FN:53,(anonymous_3)
FN:61,(anonymous_4)
FNF:5
FNH:1
FNDA:12,(anonymous_0)
FNDA:0,(anonymous_1)
FNDA:0,(anonymous_2)
FNDA:0,(anonymous_3)
FNDA:0,(anonymous_4)
DA:12,1
DA:16,12
DA:17,12
DA:24,0
DA:53,0
DA:54,0
DA:69,0
DA:70,0
DA:73,0
DA:74,0
DA:78,0
DA:79,0
DA:82,0
LF:13
LH:3
BRDA:73,0,0,0
BRF:1
BRH:0
end_of_record
TN:
SF:electron/services/dependency-installer/strategies/LinuxInstaller.ts
FN:25,(anonymous_0)
FN:49,(anonymous_1)
FN:69,(anonymous_2)
FN:83,(anonymous_3)
FN:98,(anonymous_4)
FN:143,(anonymous_5)
FN:162,(anonymous_6)
FN:182,(anonymous_7)
FN:198,(anonymous_8)
FNF:9
FNH:0
FNDA:0,(anonymous_0)
FNDA:0,(anonymous_1)
FNDA:0,(anonymous_2)
FNDA:0,(anonymous_3)
FNDA:0,(anonymous_4)
FNDA:0,(anonymous_5)
FNDA:0,(anonymous_6)
FNDA:0,(anonymous_7)
FNDA:0,(anonymous_8)
DA:4,1
DA:19,1
DA:20,4
DA:29,0
DA:34,0
DA:36,0
DA:37,0
DA:39,0
DA:40,0
DA:42,0
DA:50,0
DA:60,0
DA:70,0
DA:72,0
DA:73,0
DA:76,0
DA:77,0
DA:79,0
DA:86,0
DA:91,0
DA:101,0
DA:106,0
DA:108,0
DA:111,0
DA:112,0
DA:116,0
DA:117,0
DA:119,0
DA:120,0
DA:123,0
DA:131,0
DA:137,0
DA:144,0
DA:145,0
DA:149,0
DA:150,0
DA:151,0
DA:152,0
DA:153,0
DA:154,0
DA:156,0
DA:158,0
DA:166,0
DA:177,0
DA:178,0
DA:185,0
DA:193,0
DA:194,0
DA:201,0
DA:206,0
DA:211,0
LF:51
LH:3
BRDA:34,0,0,0
BRDA:34,0,1,0
BRDA:34,0,2,0
BRDA:61,1,0,0
BRDA:61,1,1,0
BRDA:73,2,0,0
BRDA:108,3,0,0
BRDA:108,3,1,0
BRDA:108,3,2,0
BRDA:108,3,3,0
BRDA:108,3,4,0
BRDA:108,3,5,0
BRDA:108,3,6,0
BRDA:149,4,0,0
BRDA:150,5,0,0
BRDA:151,6,0,0
BRDA:152,7,0,0
BRDA:153,8,0,0
BRDA:154,9,0,0
BRF:19
BRH:0
end_of_record
TN:
SF:electron/services/dependency-installer/strategies/MacOSInstaller.ts
FN:16,(anonymous_0)
FN:40,(anonymous_1)
FN:63,(anonymous_2)
FN:77,(anonymous_3)
FN:113,(anonymous_4)
FNF:5
FNH:1
FNDA:0,(anonymous_0)
FNDA:2,(anonymous_1)
FNDA:0,(anonymous_2)
FNDA:0,(anonymous_3)
FNDA:0,(anonymous_4)
DA:4,1
DA:10,1
DA:11,4
DA:20,0
DA:25,0
DA:27,0
DA:28,0
DA:30,0
DA:31,0
DA:33,0
DA:41,2
DA:54,2
DA:64,0
DA:66,0
DA:67,0
DA:70,0
DA:71,0
DA:73,0
DA:80,0
DA:86,0
DA:87,0
DA:92,0
DA:94,0
DA:98,0
DA:106,0
DA:107,0
DA:116,0
DA:121,0
DA:129,0
DA:130,0
DA:135,0
LF:31
LH:5
BRDA:25,0,0,0
BRDA:25,0,1,0
BRDA:25,0,2,0
BRDA:55,1,0,2
BRDA:55,1,1,0
BRDA:67,2,0,0
BRDA:106,3,0,0
BRDA:129,4,0,0
BRF:8
BRH:1
end_of_record
TN:
SF:electron/services/dependency-installer/strategies/PlatformInstallerFactory.ts
FN:21,(anonymous_0)
FN:43,(anonymous_1)
FNF:2
FNH:2
FNDA:4,(anonymous_0)
FNDA:2,(anonymous_1)
DA:10,1
DA:11,1
DA:12,1
DA:18,1
DA:25,4
DA:26,4
DA:30,4
DA:34,4
DA:44,2
DA:45,2
DA:46,0
DA:48,2
LF:12
LH:11
BRDA:45,0,0,0
BRF:1
BRH:0
end_of_record
TN:
SF:electron/services/dependency-installer/strategies/WindowsInstaller.ts
FN:16,(anonymous_0)
FN:48,(anonymous_1)
FN:71,(anonymous_2)
FN:80,(anonymous_3)
FN:108,(anonymous_4)
FN:139,(anonymous_5)
FNF:6
FNH:0
FNDA:0,(anonymous_0)
FNDA:0,(anonymous_1)
FNDA:0,(anonymous_2)
FNDA:0,(anonymous_3)
FNDA:0,(anonymous_4)
FNDA:0,(anonymous_5)
DA:4,1
DA:10,1
DA:11,4
DA:20,0
DA:26,0
DA:27,0
DA:28,0
DA:33,0
DA:35,0
DA:36,0
DA:38,0
DA:39,0
DA:41,0
DA:49,0
DA:62,0
DA:72,0
DA:73,0
DA:74,0
DA:76,0
DA:83,0
DA:88,0
DA:101,0
DA:102,0
DA:111,0
DA:116,0
DA:129,0
DA:130,0
DA:145,0
DA:149,0
LF:29
LH:3
BRDA:27,0,0,0
BRDA:33,1,0,0
BRDA:33,1,1,0
BRDA:33,1,2,0
BRDA:63,2,0,0
BRDA:63,2,1,0
BRDA:101,3,0,0
BRDA:129,4,0,0
BRDA:145,5,0,0
BRDA:145,5,1,0
BRF:10
BRH:0
end_of_record
